<?xml version="1.0" encoding="UTF-8"?>
<!-- Generated by org.testng.reporters.JUnitReportReporter -->
<testsuite hostname="Srinath-PC" name="myprograms.Facebook" tests="1" failures="0" timestamp="26 Apr 2016 00:42:56 GMT" time="2.428" errors="0">
  <testcase name="Firstname" time="2.428" classname="myprograms.Facebook"/>
</testsuite> <!-- myprograms.Facebook -->
