<?xml version="1.0" encoding="UTF-8"?>
<!-- Generated by org.testng.reporters.JUnitReportReporter -->
<testsuite hostname="Srinath-PC" name="myprograms.TestngAnnotations" tests="4" failures="0" timestamp="22 Apr 2016 01:50:45 GMT" time="0.130" errors="0">
  <testcase name="h" time="0.010" classname="myprograms.TestngAnnotations"/>
  <testcase name="g" time="0.012" classname="myprograms.TestngAnnotations"/>
  <testcase name="f5" time="0.011" classname="myprograms.TestngAnnotations"/>
  <testcase name="f" time="0.097" classname="myprograms.TestngAnnotations"/>
</testsuite> <!-- myprograms.TestngAnnotations -->
