<?xml version="1.0" encoding="UTF-8"?>
<!-- Generated by org.testng.reporters.JUnitReportReporter -->
<testsuite hostname="Srinath-PC" name="myprojectfb.GmailReg" tests="1" failures="0" timestamp="21 Apr 2016 02:39:28 GMT" time="4.993" errors="0">
  <testcase name="f" time="4.993" classname="myprojectfb.GmailReg"/>
</testsuite> <!-- myprojectfb.GmailReg -->
