<?xml version="1.0" encoding="UTF-8"?>
<!-- Generated by org.testng.reporters.JUnitReportReporter -->
<testsuite hostname="Srinath-PC" name="myprograms.Fbtest" tests="1" failures="0" timestamp="26 Apr 2016 02:31:12 GMT" time="0.002" errors="0">
  <testcase name="f" time="0.002" classname="myprograms.Fbtest"/>
</testsuite> <!-- myprograms.Fbtest -->
